<?xml version="1.0" encoding="UTF-8"?>
<!-- Generated by org.testng.reporters.JUnitXMLReporter -->
<testsuite ignored="0" hostname="LAPTOP-5KMFOFH9" failures="0" tests="4" name="Default test" time="16.517" errors="0" timestamp="2024-10-13T21:28:41 IST">
  <testcase classname="com.SwagLabs.TestCases.CartPageTest" name="validateDetails" time="0.035"/>
  <testcase classname="com.SwagLabs.TestCases.CartPageTest" name="validateRemoveProduct" time="0.058"/>
  <testcase classname="com.SwagLabs.TestCases.CartPageTest" name="validateContinueShopping" time="6.352"/>
  <testcase classname="com.SwagLabs.TestCases.CartPageTest" name="validateCheckout" time="0.078"/>
</testsuite> <!-- Default test -->
