<?xml version="1.0" encoding="UTF-8"?>
<!-- Generated by org.testng.reporters.JUnitXMLReporter -->
<testsuite ignored="3" hostname="LAPTOP-5KMFOFH9" failures="0" tests="1" name="Default test" time="8.338" errors="0" timestamp="2024-11-24T21:50:30 IST">
  <testcase classname="com.RestAPITest.AuthenticationTypes" name="OAuth2Test" time="8.294"/>
  <testcase classname="com.RestAPITest.AuthenticationTypes" name="digestAuth" time="0.0">
    <ignored/>
  </testcase> <!-- digestAuth -->
  <testcase classname="com.RestAPITest.AuthenticationTypes" name="basicAuthentication" time="0.0">
    <ignored/>
  </testcase> <!-- basicAuthentication -->
  <testcase classname="com.RestAPITest.AuthenticationTypes" name="testbearerToken" time="0.0">
    <ignored/>
  </testcase> <!-- testbearerToken -->
</testsuite> <!-- Default test -->
