<?xml version="1.0" encoding="UTF-8"?>
<!-- Generated by org.testng.reporters.JUnitXMLReporter -->
<testsuite ignored="0" hostname="LAPTOP-5KMFOFH9" failures="0" tests="4" name="CartTest" time="15.961" errors="0" timestamp="2024-10-19T19:53:17 IST">
  <testcase classname="com.SwagLabs.TestCases.CartPageTest" name="validateDetails" time="0.028"/>
  <testcase classname="com.SwagLabs.TestCases.CartPageTest" name="validateRemoveProduct" time="0.074"/>
  <testcase classname="com.SwagLabs.TestCases.CartPageTest" name="validateContinueShopping" time="6.547"/>
  <testcase classname="com.SwagLabs.TestCases.CartPageTest" name="validateCheckout" time="0.087"/>
</testsuite> <!-- CartTest -->
