<?xml version="1.0" encoding="UTF-8"?>
<!-- Generated by org.testng.reporters.JUnitXMLReporter -->
<testsuite ignored="0" hostname="LAPTOP-5KMFOFH9" failures="0" tests="4" name="CartTest" time="16.278" errors="0" timestamp="2024-10-13T21:30:29 IST">
  <testcase classname="com.SwagLabs.TestCases.CartPageTest" name="validateDetails" time="0.038"/>
  <testcase classname="com.SwagLabs.TestCases.CartPageTest" name="validateRemoveProduct" time="0.095"/>
  <testcase classname="com.SwagLabs.TestCases.CartPageTest" name="validateContinueShopping" time="6.519"/>
  <testcase classname="com.SwagLabs.TestCases.CartPageTest" name="validateCheckout" time="0.091"/>
</testsuite> <!-- CartTest -->
