<?xml version="1.0" encoding="UTF-8"?>
<!-- Generated by org.testng.reporters.JUnitXMLReporter -->
<testsuite ignored="0" hostname="LAPTOP-5KMFOFH9" failures="0" tests="4" name="InventoryTest" time="3.371" errors="0" timestamp="2024-10-26T19:37:11 IST">
  <testcase classname="com.SwagLabs.TestCases.InventoryPageTest" name="validateProductCount" time="0.04"/>
  <testcase classname="com.SwagLabs.TestCases.InventoryPageTest" name="validateProductDetails" time="0.163"/>
  <testcase classname="com.SwagLabs.TestCases.InventoryPageTest" name="validateAddToCartFeature" time="0.252"/>
  <testcase classname="com.SwagLabs.TestCases.InventoryPageTest" name="openCartPage" time="0.1"/>
</testsuite> <!-- InventoryTest -->
