<?xml version="1.0" encoding="UTF-8"?>
<!-- Generated by org.testng.reporters.JUnitXMLReporter -->
<testsuite ignored="0" hostname="LAPTOP-5KMFOFH9" failures="0" tests="4" name="InventoryTest" time="3.166" errors="0" timestamp="2024-10-13T21:30:13 IST">
  <testcase classname="com.SwagLabs.TestCases.InventoryPageTest" name="validateProductCount" time="0.032"/>
  <testcase classname="com.SwagLabs.TestCases.InventoryPageTest" name="validateProductDetails" time="0.108"/>
  <testcase classname="com.SwagLabs.TestCases.InventoryPageTest" name="validateAddToCartFeature" time="0.25"/>
  <testcase classname="com.SwagLabs.TestCases.InventoryPageTest" name="openCartPage" time="0.122"/>
</testsuite> <!-- InventoryTest -->
