<?xml version="1.0" encoding="UTF-8"?>
<!-- Generated by org.testng.reporters.JUnitXMLReporter -->
<testsuite ignored="0" hostname="LAPTOP-5KMFOFH9" failures="0" tests="3" name="Test" time="3.125" errors="0" timestamp="2024-10-13T20:45:23 IST">
  <testcase classname="com.SwagLabs.TestCases.LoginPageTest" name="validateUrl" time="0.018"/>
  <testcase classname="com.SwagLabs.TestCases.LoginPageTest" name="validateTitle" time="0.013"/>
  <testcase classname="com.SwagLabs.TestCases.LoginPageTest" name="validateLogin" time="0.405"/>
</testsuite> <!-- Test -->
