<?xml version="1.0" encoding="UTF-8"?>
<testng-results ignored="0" total="1" passed="1" failed="0" skipped="0">
  <reporter-output>
  </reporter-output>
  <suite started-at="2024-10-05T22:07:03 IST" name="Default suite" finished-at="2024-10-05T22:07:09 IST" duration-ms="6208">
    <groups>
    </groups>
    <test started-at="2024-10-05T22:07:03 IST" name="Default test" finished-at="2024-10-05T22:07:09 IST" duration-ms="6208">
      <class name="com.MouseInteraction.DoubleClickAction">
        <test-method signature="testRightclick()[pri:0, instance:com.MouseInteraction.DoubleClickAction@1da2cb77]" started-at="2024-10-05T22:07:03 IST" name="testRightclick" finished-at="2024-10-05T22:07:09 IST" duration-ms="6160" status="PASS">
          <reporter-output>
          </reporter-output>
        </test-method> <!-- testRightclick -->
      </class> <!-- com.MouseInteraction.DoubleClickAction -->
    </test> <!-- Default test -->
  </suite> <!-- Default suite -->
</testng-results>
