<?xml version="1.0" encoding="UTF-8"?>
<!-- Generated by org.testng.reporters.JUnitReportReporter -->
<testsuite hostname="LAPTOP-5KMFOFH9" failures="0" tests="4" name="com.SwagLabs.TestCases.InventoryPageTest" time="0.555" errors="0" timestamp="2024-10-26T19:37:53 IST" skipped="0">
  <testcase classname="com.SwagLabs.TestCases.InventoryPageTest" name="validateProductCount" time="0.040"/>
  <system-out/>
  <testcase classname="com.SwagLabs.TestCases.InventoryPageTest" name="validateProductDetails" time="0.163"/>
  <system-out/>
  <testcase classname="com.SwagLabs.TestCases.InventoryPageTest" name="validateAddToCartFeature" time="0.252"/>
  <system-out/>
  <testcase classname="com.SwagLabs.TestCases.InventoryPageTest" name="openCartPage" time="0.100"/>
  <system-out/>
</testsuite> <!-- com.SwagLabs.TestCases.InventoryPageTest -->
