<?xml version="1.0" encoding="UTF-8"?>
<!-- Generated by org.testng.reporters.JUnitReportReporter -->
<testsuite hostname="LAPTOP-5KMFOFH9" failures="0" tests="1" name="com.MobileAppScenarios.SessionBasedOnAppPackageActivity" time="7.497" errors="0" timestamp="2024-11-30T21:11:23 IST" skipped="0">
  <testcase classname="com.MobileAppScenarios.SessionBasedOnAppPackageActivity" name="testSession" time="7.497"/>
  <system-out/>
</testsuite> <!-- com.MobileAppScenarios.SessionBasedOnAppPackageActivity -->
