<?xml version="1.0" encoding="UTF-8"?>
<!-- Generated by org.testng.reporters.JUnitReportReporter -->
<testsuite hostname="LAPTOP-5KMFOFH9" failures="0" tests="1" name="com.DriverSession.DriverSesssionWithUiAutomator2Optionsclass" time="7.854" errors="0" timestamp="2024-11-30T20:24:45 IST" skipped="0">
  <testcase classname="com.DriverSession.DriverSesssionWithUiAutomator2Optionsclass" name="testDriverSession" time="7.854"/>
  <system-out/>
</testsuite> <!-- com.DriverSession.DriverSesssionWithUiAutomator2Optionsclass -->
